{
  "stats": {
    "suites": 1,
    "tests": 5,
    "passes": 5,
    "pending": 0,
    "failures": 0,
    "start": "2025-05-16T13:58:29.358Z",
    "end": "2025-05-16T13:58:54.882Z",
    "duration": 25524,
    "testsRegistered": 5,
    "passPercent": 100,
    "pendingPercent": 0,
    "other": 0,
    "hasOther": false,
    "skipped": 0,
    "hasSkipped": false
  },
  "results": [
    {
      "uuid": "3ce852cd-a921-4c34-b69e-64dd7d1a13a9",
      "title": "",
      "fullFile": "cypress\\e2e\\logintestsuites.cy.js",
      "file": "cypress\\e2e\\logintestsuites.cy.js",
      "beforeHooks": [],
      "afterHooks": [],
      "tests": [],
      "suites": [
        {
          "uuid": "c5d7f915-fdb3-4d80-abc9-43674d422fc0",
          "title": "Login Page Test Suites",
          "fullFile": "",
          "file": "",
          "beforeHooks": [],
          "afterHooks": [],
          "tests": [
            {
              "title": "Test Company Logo: OrangeHRM Logo Image",
              "fullTitle": "Login Page Test Suites Test Company Logo: OrangeHRM Logo Image",
              "timedOut": null,
              "duration": 2219,
              "state": "passed",
              "speed": "fast",
              "pass": true,
              "fail": false,
              "pending": false,
              "context": "{\n  \"title\": \"cypress-mochawesome-reporter-screenshots\",\n  \"value\": [\n    [\n      \"\\\\logintestsuites.cy.js\\\\Login Page Test Suites -- Test Company Logo OrangeHRM Logo Image (failed).png\",\n      \"\\\\logintestsuites.cy.js\\\\Test Company Logo OrangeHRM Logo Image -- after each hook onFailed (failed).png\"\n    ],\n    []\n  ]\n}",
              "code": "cy.log('Running test: should pass');\ncy.get(loginpage.orangehrmlogo).should('be.visible').should(([img]) => {\n  expect(img.naturalWidth).to.equal(339);\n  expect(img.naturalHeight).to.equal(66);\n});",
              "err": {},
              "uuid": "0640b3d9-17e3-4709-b2ad-878c5bf749de",
              "parentUUID": "c5d7f915-fdb3-4d80-abc9-43674d422fc0",
              "isHook": false,
              "skipped": false
            },
            {
              "title": "Test Login Form Text Elements",
              "fullTitle": "Login Page Test Suites Test Login Form Text Elements",
              "timedOut": null,
              "duration": 1997,
              "state": "passed",
              "speed": "fast",
              "pass": true,
              "fail": false,
              "pending": false,
              "context": null,
              "code": "cy.get(loginpage.loginformtitle).contains('Login');\ncy.get(loginpage.usernamelabel).contains('Username');\ncy.get(loginpage.passwordlabel).contains('Password');",
              "err": {},
              "uuid": "06663733-a637-4175-9631-f464863f18dc",
              "parentUUID": "c5d7f915-fdb3-4d80-abc9-43674d422fc0",
              "isHook": false,
              "skipped": false
            },
            {
              "title": "Test Invalid Login: Valid Username, Incorrect Password",
              "fullTitle": "Login Page Test Suites Test Invalid Login: Valid Username, Incorrect Password",
              "timedOut": null,
              "duration": 5850,
              "state": "passed",
              "speed": "medium",
              "pass": true,
              "fail": false,
              "pending": false,
              "context": null,
              "code": "//enter valid username\nloginpage.enterUsername('Admin');\n//enter incorrect password\nloginpage.enterPassword('adminadmin');\n//click login button\nloginpage.clickLoginSubmitbutton();\n//assert that it remains in the login page\ncy.url().should('contain', '/auth/login');\n//assert Invalid credentials alert message popup in the paeg\ncy.get(loginpage.invalidcredentialsAlert).should('be.visible').contains('Invalid credentials');",
              "err": {},
              "uuid": "a8a7ee52-f43f-4e71-9cd9-33d44a19b562",
              "parentUUID": "c5d7f915-fdb3-4d80-abc9-43674d422fc0",
              "isHook": false,
              "skipped": false
            },
            {
              "title": "Test Invalid Login: Incorrect Username, Correct Password",
              "fullTitle": "Login Page Test Suites Test Invalid Login: Incorrect Username, Correct Password",
              "timedOut": null,
              "duration": 3348,
              "state": "passed",
              "speed": "fast",
              "pass": true,
              "fail": false,
              "pending": false,
              "context": null,
              "code": "//enter valid username\nloginpage.enterUsername('aldwin');\n//enter incorrect password\nloginpage.enterPassword('admin123');\n//click login button\nloginpage.clickLoginSubmitbutton();\n//assert that it remains in the login page\ncy.url().should('contain', '/auth/login');\n//assert Invalid credentials alert message popup in the paeg\ncy.get(loginpage.invalidcredentialsAlert).should('be.visible').contains('Invalid credentials');",
              "err": {},
              "uuid": "13bb30b1-c3b3-40fe-a5e0-aad332b2f442",
              "parentUUID": "c5d7f915-fdb3-4d80-abc9-43674d422fc0",
              "isHook": false,
              "skipped": false
            },
            {
              "title": "Test Invalid Login: Empty Username, Empty Password",
              "fullTitle": "Login Page Test Suites Test Invalid Login: Empty Username, Empty Password",
              "timedOut": null,
              "duration": 1331,
              "state": "passed",
              "speed": "fast",
              "pass": true,
              "fail": false,
              "pending": false,
              "context": null,
              "code": "//click login button\nloginpage.clickLoginSubmitbutton();\n//assert that it remains in the login page\ncy.url().should('contain', '/auth/login');\n//assert the error message popup just below the username input field\ncy.get(':nth-child(2) > .oxd-input-group > .oxd-text', {\n  timeout: 5000\n}).should('be.visible').contains('Required');\n//assert the error message popup just below the password input field\ncy.get(':nth-child(3) > .oxd-input-group > .oxd-text', {\n  timeout: 5000\n}).should('be.visible').contains('Required');",
              "err": {},
              "uuid": "2bbbbab0-683d-401b-ac36-15f9c802c6d0",
              "parentUUID": "c5d7f915-fdb3-4d80-abc9-43674d422fc0",
              "isHook": false,
              "skipped": false
            }
          ],
          "suites": [],
          "passes": [
            "0640b3d9-17e3-4709-b2ad-878c5bf749de",
            "06663733-a637-4175-9631-f464863f18dc",
            "a8a7ee52-f43f-4e71-9cd9-33d44a19b562",
            "13bb30b1-c3b3-40fe-a5e0-aad332b2f442",
            "2bbbbab0-683d-401b-ac36-15f9c802c6d0"
          ],
          "failures": [],
          "pending": [],
          "skipped": [],
          "duration": 14745,
          "root": false,
          "rootEmpty": false,
          "_timeout": 2000
        }
      ],
      "passes": [],
      "failures": [],
      "pending": [],
      "skipped": [],
      "duration": 0,
      "root": true,
      "rootEmpty": true,
      "_timeout": 2000
    }
  ],
  "meta": {
    "mocha": {
      "version": "7.2.0"
    },
    "mochawesome": {
      "options": {
        "quiet": false,
        "reportFilename": "mochawesome",
        "saveHtml": false,
        "saveJson": true,
        "consoleReporter": "spec",
        "useInlineDiffs": false,
        "code": true
      },
      "version": "7.1.3"
    },
    "marge": {
      "options": {
        "overwrite": false,
        "html": false,
        "json": true
      },
      "version": "6.2.0"
    }
  }
}