{
  "stats": {
    "suites": 1,
    "tests": 5,
    "passes": 5,
    "pending": 0,
    "failures": 0,
    "start": "2025-05-16T13:56:45.068Z",
    "end": "2025-05-16T13:57:24.090Z",
    "duration": 39022,
    "testsRegistered": 5,
    "passPercent": 100,
    "pendingPercent": 0,
    "other": 0,
    "hasOther": false,
    "skipped": 0,
    "hasSkipped": false
  },
  "results": [
    {
      "uuid": "3100a975-5c35-4ab2-b3a0-f32ba7869681",
      "title": "",
      "fullFile": "cypress\\e2e\\logintestsuites.cy.js",
      "file": "cypress\\e2e\\logintestsuites.cy.js",
      "beforeHooks": [],
      "afterHooks": [],
      "tests": [],
      "suites": [
        {
          "uuid": "f12e38e0-88bc-4ab8-a7c8-8589f1d71937",
          "title": "Login Page Test Suites",
          "fullFile": "",
          "file": "",
          "beforeHooks": [],
          "afterHooks": [],
          "tests": [
            {
              "title": "Test Company Logo: OrangeHRM Logo Image",
              "fullTitle": "Login Page Test Suites Test Company Logo: OrangeHRM Logo Image",
              "timedOut": null,
              "duration": 1684,
              "state": "passed",
              "speed": "fast",
              "pass": true,
              "fail": false,
              "pending": false,
              "context": "{\n  \"title\": \"cypress-mochawesome-reporter-screenshots\",\n  \"value\": [\n    [\n      \"\\\\logintestsuites.cy.js\\\\Login Page Test Suites -- Test Company Logo OrangeHRM Logo Image (failed).png\",\n      \"\\\\logintestsuites.cy.js\\\\Test Company Logo OrangeHRM Logo Image -- after each hook onFailed (failed).png\"\n    ],\n    []\n  ]\n}",
              "code": "cy.log('Running test: should pass');\ncy.get(loginpage.orangehrmlogo).should('be.visible').should(([img]) => {\n  expect(img.naturalWidth).to.equal(339);\n  expect(img.naturalHeight).to.equal(66);\n});",
              "err": {},
              "uuid": "d34abaa6-a018-4da9-b7bd-55d19fe3a63f",
              "parentUUID": "f12e38e0-88bc-4ab8-a7c8-8589f1d71937",
              "isHook": false,
              "skipped": false
            },
            {
              "title": "Test Login Form Text Elements",
              "fullTitle": "Login Page Test Suites Test Login Form Text Elements",
              "timedOut": null,
              "duration": 1839,
              "state": "passed",
              "speed": "fast",
              "pass": true,
              "fail": false,
              "pending": false,
              "context": "{\n  \"title\": \"cypress-mochawesome-reporter-screenshots\",\n  \"value\": [\n    [\n      \"\\\\logintestsuites.cy.js\\\\Login Page Test Suites -- Test Login Form Text Elements (failed).png\",\n      \"\\\\logintestsuites.cy.js\\\\Test Login Form Text Elements -- after each hook onFailed (failed).png\"\n    ],\n    []\n  ]\n}",
              "code": "cy.get(loginpage.loginformtitle).contains('Login');\ncy.get(loginpage.usernamelabel).contains('Username');\ncy.get(loginpage.passwordlabel).contains('Password');",
              "err": {},
              "uuid": "5cbb464f-acf3-4691-9ded-5b4e828dfd19",
              "parentUUID": "f12e38e0-88bc-4ab8-a7c8-8589f1d71937",
              "isHook": false,
              "skipped": false
            },
            {
              "title": "Test Invalid Login: Valid Username, Incorrect Password",
              "fullTitle": "Login Page Test Suites Test Invalid Login: Valid Username, Incorrect Password",
              "timedOut": null,
              "duration": 3772,
              "state": "passed",
              "speed": "fast",
              "pass": true,
              "fail": false,
              "pending": false,
              "context": null,
              "code": "//enter valid username\nloginpage.enterUsername('Admin');\n//enter incorrect password\nloginpage.enterPassword('adminadmin');\n//click login button\nloginpage.clickLoginSubmitbutton();\n//assert that it remains in the login page\ncy.url().should('contain', '/auth/login');\n//assert Invalid credentials alert message popup in the paeg\ncy.get(loginpage.invalidcredentialsAlert).should('be.visible').contains('Invalid credentials');",
              "err": {},
              "uuid": "18fec8ee-ef0b-47f1-bdc2-8442f04fb590",
              "parentUUID": "f12e38e0-88bc-4ab8-a7c8-8589f1d71937",
              "isHook": false,
              "skipped": false
            },
            {
              "title": "Test Invalid Login: Incorrect Username, Correct Password",
              "fullTitle": "Login Page Test Suites Test Invalid Login: Incorrect Username, Correct Password",
              "timedOut": null,
              "duration": 3019,
              "state": "passed",
              "speed": "fast",
              "pass": true,
              "fail": false,
              "pending": false,
              "context": null,
              "code": "//enter valid username\nloginpage.enterUsername('aldwin');\n//enter incorrect password\nloginpage.enterPassword('admin123');\n//click login button\nloginpage.clickLoginSubmitbutton();\n//assert that it remains in the login page\ncy.url().should('contain', '/auth/login');\n//assert Invalid credentials alert message popup in the paeg\ncy.get(loginpage.invalidcredentialsAlert).should('be.visible').contains('Invalid credentials');",
              "err": {},
              "uuid": "83681894-f8cb-4ac8-988b-3c1eef4dfe79",
              "parentUUID": "f12e38e0-88bc-4ab8-a7c8-8589f1d71937",
              "isHook": false,
              "skipped": false
            },
            {
              "title": "Test Invalid Login: Empty Username, Empty Password",
              "fullTitle": "Login Page Test Suites Test Invalid Login: Empty Username, Empty Password",
              "timedOut": null,
              "duration": 1925,
              "state": "passed",
              "speed": "fast",
              "pass": true,
              "fail": false,
              "pending": false,
              "context": null,
              "code": "//click login button\nloginpage.clickLoginSubmitbutton();\n//assert that it remains in the login page\ncy.url().should('contain', '/auth/login');\n//assert the error message popup just below the username input field\ncy.get(':nth-child(2) > .oxd-input-group > .oxd-text', {\n  timeout: 5000\n}).should('be.visible').contains('Required');\n//assert the error message popup just below the password input field\ncy.get(':nth-child(3) > .oxd-input-group > .oxd-text', {\n  timeout: 5000\n}).should('be.visible').contains('Required');",
              "err": {},
              "uuid": "a16ed08c-b962-4676-879a-3f20b38848fd",
              "parentUUID": "f12e38e0-88bc-4ab8-a7c8-8589f1d71937",
              "isHook": false,
              "skipped": false
            }
          ],
          "suites": [],
          "passes": [
            "d34abaa6-a018-4da9-b7bd-55d19fe3a63f",
            "5cbb464f-acf3-4691-9ded-5b4e828dfd19",
            "18fec8ee-ef0b-47f1-bdc2-8442f04fb590",
            "83681894-f8cb-4ac8-988b-3c1eef4dfe79",
            "a16ed08c-b962-4676-879a-3f20b38848fd"
          ],
          "failures": [],
          "pending": [],
          "skipped": [],
          "duration": 12239,
          "root": false,
          "rootEmpty": false,
          "_timeout": 2000
        }
      ],
      "passes": [],
      "failures": [],
      "pending": [],
      "skipped": [],
      "duration": 0,
      "root": true,
      "rootEmpty": true,
      "_timeout": 2000
    }
  ],
  "meta": {
    "mocha": {
      "version": "7.2.0"
    },
    "mochawesome": {
      "options": {
        "quiet": false,
        "reportFilename": "mochawesome",
        "saveHtml": false,
        "saveJson": true,
        "consoleReporter": "spec",
        "useInlineDiffs": false,
        "code": true
      },
      "version": "7.1.3"
    },
    "marge": {
      "options": {
        "overwrite": false,
        "html": false,
        "json": true
      },
      "version": "6.2.0"
    }
  }
}