{
  "stats": {
    "suites": 1,
    "tests": 1,
    "passes": 0,
    "pending": 0,
    "failures": 1,
    "start": "2025-05-16T11:48:11.315Z",
    "end": "2025-05-16T11:49:14.029Z",
    "duration": 62714,
    "testsRegistered": 5,
    "passPercent": 0,
    "pendingPercent": 0,
    "other": 1,
    "hasOther": true,
    "skipped": 4,
    "hasSkipped": true
  },
  "results": [
    {
      "uuid": "f630e875-b4fb-47e2-9de3-04187c9f5b98",
      "title": "",
      "fullFile": "cypress\\e2e\\logintestsuites.cy.js",
      "file": "cypress\\e2e\\logintestsuites.cy.js",
      "beforeHooks": [],
      "afterHooks": [],
      "tests": [],
      "suites": [
        {
          "uuid": "624b2edc-0544-48e5-9c3d-344cebd3f53a",
          "title": "Login Page Test Suites",
          "fullFile": "",
          "file": "",
          "beforeHooks": [],
          "afterHooks": [],
          "tests": [
            {
              "title": "Test Company Logo: OrangeHRM Logo Image",
              "fullTitle": "Login Page Test Suites Test Company Logo: OrangeHRM Logo Image",
              "timedOut": null,
              "duration": 401,
              "state": "failed",
              "speed": null,
              "pass": false,
              "fail": true,
              "pending": false,
              "context": "{\n  \"title\": \"cypress-mochawesome-reporter-screenshots\",\n  \"value\": [\n    [\n      \"\\\\logintestsuites.cy.js\\\\Test Company Logo OrangeHRM Logo Image -- before each hook Initialize baseUrl for each test (failed).png\",\n      \"\\\\logintestsuites.cy.js\\\\Test Company Logo OrangeHRM Logo Image -- after each hook onFailed (failed).png\"\n    ]\n  ]\n}",
              "code": "cy.log('Running test: should pass');\ncy.get(loginpage.orangehrmlogo).should('be.visible').should(([img]) => {\n  expect(img.naturalWidth).to.equal(339);\n  expect(img.naturalHeight).to.equal(66);\n});",
              "err": {
                "message": "CypressError: `cy.task('failed')` failed with the following error:\n\nThe 'task' event has not been registered in the setupNodeEvents method. You must register it before using cy.task()\n\nFix this in your setupNodeEvents method here:\nF:\\CypressProjects\\CypressThree\\cypress.config.js\n\nhttps://on.cypress.io/api/task\n\nBecause this error occurred during a `after each` hook we are skipping all of the remaining tests.",
                "estack": "CypressError: `cy.task('failed')` failed with the following error:\n\nThe 'task' event has not been registered in the setupNodeEvents method. You must register it before using cy.task()\n\nFix this in your setupNodeEvents method here:\nF:\\CypressProjects\\CypressThree\\cypress.config.js\n\nhttps://on.cypress.io/api/task\n\nBecause this error occurred during a `after each` hook we are skipping all of the remaining tests.\n    at <unknown> (https://opensource-demo.orangehrmlive.com/__cypress/runner/cypress_runner.js:137237:72)\n    at tryCatcher (https://opensource-demo.orangehrmlive.com/__cypress/runner/cypress_runner.js:1777:23)\n    at Promise._settlePromiseFromHandler (https://opensource-demo.orangehrmlive.com/__cypress/runner/cypress_runner.js:1489:31)\n    at Promise._settlePromise (https://opensource-demo.orangehrmlive.com/__cypress/runner/cypress_runner.js:1546:18)\n    at Promise._settlePromise0 (https://opensource-demo.orangehrmlive.com/__cypress/runner/cypress_runner.js:1591:10)\n    at Promise._settlePromises (https://opensource-demo.orangehrmlive.com/__cypress/runner/cypress_runner.js:1667:18)\n    at _drainQueueStep (https://opensource-demo.orangehrmlive.com/__cypress/runner/cypress_runner.js:2377:12)\n    at _drainQueue (https://opensource-demo.orangehrmlive.com/__cypress/runner/cypress_runner.js:2370:9)\n    at Async._drainQueues (https://opensource-demo.orangehrmlive.com/__cypress/runner/cypress_runner.js:2386:5)\n    at Async.drainQueues (https://opensource-demo.orangehrmlive.com/__cypress/runner/cypress_runner.js:2256:14)\nFrom Your Spec Code:\n    at Context.onFailed (webpack://cypressthree/./node_modules/cypress-failed-log/src/index.js:182:0)",
                "diff": null
              },
              "uuid": "bf90f200-31ec-4747-9c64-572bc66eb285",
              "parentUUID": "624b2edc-0544-48e5-9c3d-344cebd3f53a",
              "isHook": false,
              "skipped": false
            },
            {
              "title": "Test Login Form Text Elements",
              "fullTitle": "Login Page Test Suites Test Login Form Text Elements",
              "timedOut": null,
              "duration": 0,
              "state": "skipped",
              "speed": null,
              "pass": false,
              "fail": false,
              "pending": false,
              "context": null,
              "code": "cy.get(loginpage.loginformtitle).contains('Loginsss');\ncy.get(loginpage.usernamelabel).contains('Username');\ncy.get(loginpage.passwordlabel).contains('Password');",
              "err": {},
              "uuid": "1891e7ea-1244-4912-8a79-6a1d0c1797b2",
              "parentUUID": "624b2edc-0544-48e5-9c3d-344cebd3f53a",
              "isHook": false,
              "skipped": true
            },
            {
              "title": "Test Invalid Login: Valid Username, Incorrect Password",
              "fullTitle": "Login Page Test Suites Test Invalid Login: Valid Username, Incorrect Password",
              "timedOut": null,
              "duration": 0,
              "state": "skipped",
              "speed": null,
              "pass": false,
              "fail": false,
              "pending": false,
              "context": null,
              "code": "//enter valid username\nloginpage.enterUsername('Admin');\n//enter incorrect password\nloginpage.enterPassword('adminadmin');\n//click login button\nloginpage.clickLoginSubmitbutton();\n//assert that it remains in the login page\ncy.url().should('contain', '/auth/login');\n//assert Invalid credentials alert message popup in the paeg\ncy.get(loginpage.invalidcredentialsAlert).should('be.visible').contains('Invalid credentials');",
              "err": {},
              "uuid": "1819cfc9-e7e2-4376-bd6d-c154bd4bdcf9",
              "parentUUID": "624b2edc-0544-48e5-9c3d-344cebd3f53a",
              "isHook": false,
              "skipped": true
            },
            {
              "title": "Test Invalid Login: Incorrect Username, Correct Password",
              "fullTitle": "Login Page Test Suites Test Invalid Login: Incorrect Username, Correct Password",
              "timedOut": null,
              "duration": 0,
              "state": "skipped",
              "speed": null,
              "pass": false,
              "fail": false,
              "pending": false,
              "context": null,
              "code": "//enter valid username\nloginpage.enterUsername('aldwin');\n//enter incorrect password\nloginpage.enterPassword('admin123');\n//click login button\nloginpage.clickLoginSubmitbutton();\n//assert that it remains in the login page\ncy.url().should('contain', '/auth/login');\n//assert Invalid credentials alert message popup in the paeg\ncy.get(loginpage.invalidcredentialsAlert).should('be.visible').contains('Invalid credentials');",
              "err": {},
              "uuid": "46ea5f8a-58e4-4491-a551-cd5dd4814101",
              "parentUUID": "624b2edc-0544-48e5-9c3d-344cebd3f53a",
              "isHook": false,
              "skipped": true
            },
            {
              "title": "Test Invalid Login: Empty Username, Empty Password",
              "fullTitle": "Login Page Test Suites Test Invalid Login: Empty Username, Empty Password",
              "timedOut": null,
              "duration": 0,
              "state": "skipped",
              "speed": null,
              "pass": false,
              "fail": false,
              "pending": false,
              "context": null,
              "code": "//click login button\nloginpage.clickLoginSubmitbutton();\n//assert that it remains in the login page\ncy.url().should('contain', '/auth/login');\n//assert the error message popup just below the username input field\ncy.get(':nth-child(2) > .oxd-input-group > .oxd-text', {\n  timeout: 5000\n}).should('be.visible').contains('Required');\n//assert the error message popup just below the password input field\ncy.get(':nth-child(3) > .oxd-input-group > .oxd-text', {\n  timeout: 5000\n}).should('be.visible').contains('Required');",
              "err": {},
              "uuid": "befcbc11-5c7f-494c-9c2d-45f5779803cc",
              "parentUUID": "624b2edc-0544-48e5-9c3d-344cebd3f53a",
              "isHook": false,
              "skipped": true
            }
          ],
          "suites": [],
          "passes": [],
          "failures": [
            "bf90f200-31ec-4747-9c64-572bc66eb285"
          ],
          "pending": [],
          "skipped": [
            "1891e7ea-1244-4912-8a79-6a1d0c1797b2",
            "1819cfc9-e7e2-4376-bd6d-c154bd4bdcf9",
            "46ea5f8a-58e4-4491-a551-cd5dd4814101",
            "befcbc11-5c7f-494c-9c2d-45f5779803cc"
          ],
          "duration": 401,
          "root": false,
          "rootEmpty": false,
          "_timeout": 2000
        }
      ],
      "passes": [],
      "failures": [],
      "pending": [],
      "skipped": [],
      "duration": 0,
      "root": true,
      "rootEmpty": true,
      "_timeout": 2000
    }
  ],
  "meta": {
    "mocha": {
      "version": "7.2.0"
    },
    "mochawesome": {
      "options": {
        "quiet": false,
        "reportFilename": "mochawesome",
        "saveHtml": false,
        "saveJson": true,
        "consoleReporter": "spec",
        "useInlineDiffs": false,
        "code": true
      },
      "version": "7.1.3"
    },
    "marge": {
      "options": {
        "overwrite": false,
        "html": false,
        "json": true
      },
      "version": "6.2.0"
    }
  }
}