{
  "stats": {
    "suites": 1,
    "tests": 1,
    "passes": 0,
    "pending": 0,
    "failures": 1,
    "start": "2025-05-16T11:49:45.596Z",
    "end": "2025-05-16T11:50:36.135Z",
    "duration": 50539,
    "testsRegistered": 5,
    "passPercent": 0,
    "pendingPercent": 0,
    "other": 1,
    "hasOther": true,
    "skipped": 4,
    "hasSkipped": true
  },
  "results": [
    {
      "uuid": "56d4651b-26b2-4c15-942a-a12e7b5aac18",
      "title": "",
      "fullFile": "cypress\\e2e\\logintestsuites.cy.js",
      "file": "cypress\\e2e\\logintestsuites.cy.js",
      "beforeHooks": [],
      "afterHooks": [],
      "tests": [],
      "suites": [
        {
          "uuid": "7de4d926-4dbd-4722-8099-fcd0edc57c6e",
          "title": "Login Page Test Suites",
          "fullFile": "",
          "file": "",
          "beforeHooks": [],
          "afterHooks": [],
          "tests": [
            {
              "title": "Test Company Logo: OrangeHRM Logo Image",
              "fullTitle": "Login Page Test Suites Test Company Logo: OrangeHRM Logo Image",
              "timedOut": null,
              "duration": 84,
              "state": "failed",
              "speed": null,
              "pass": false,
              "fail": true,
              "pending": false,
              "context": "{\n  \"title\": \"cypress-mochawesome-reporter-screenshots\",\n  \"value\": [\n    [\n      \"\\\\logintestsuites.cy.js\\\\Login Page Test Suites -- Test Company Logo OrangeHRM Logo Image (failed).png\",\n      \"\\\\logintestsuites.cy.js\\\\Test Company Logo OrangeHRM Logo Image -- after each hook onFailed (failed).png\"\n    ]\n  ]\n}",
              "code": "cy.log('Running test: should pass');\ncy.get(loginpage.orangehrmlogo).should('be.visible').should(([img]) => {\n  expect(img.naturalWidth).to.equal(339);\n  expect(img.naturalHeight).to.equal(66);\n});",
              "err": {
                "message": "CypressError: `cy.task('failed')` failed with the following error:\n\nThe 'task' event has not been registered in the setupNodeEvents method. You must register it before using cy.task()\n\nFix this in your setupNodeEvents method here:\nF:\\CypressProjects\\CypressThree\\cypress.config.js\n\nhttps://on.cypress.io/api/task\n\nBecause this error occurred during a `after each` hook we are skipping all of the remaining tests.",
                "estack": "CypressError: `cy.task('failed')` failed with the following error:\n\nThe 'task' event has not been registered in the setupNodeEvents method. You must register it before using cy.task()\n\nFix this in your setupNodeEvents method here:\nF:\\CypressProjects\\CypressThree\\cypress.config.js\n\nhttps://on.cypress.io/api/task\n\nBecause this error occurred during a `after each` hook we are skipping all of the remaining tests.\n    at <unknown> (https://opensource-demo.orangehrmlive.com/__cypress/runner/cypress_runner.js:137237:72)\n    at tryCatcher (https://opensource-demo.orangehrmlive.com/__cypress/runner/cypress_runner.js:1777:23)\n    at Promise._settlePromiseFromHandler (https://opensource-demo.orangehrmlive.com/__cypress/runner/cypress_runner.js:1489:31)\n    at Promise._settlePromise (https://opensource-demo.orangehrmlive.com/__cypress/runner/cypress_runner.js:1546:18)\n    at Promise._settlePromise0 (https://opensource-demo.orangehrmlive.com/__cypress/runner/cypress_runner.js:1591:10)\n    at Promise._settlePromises (https://opensource-demo.orangehrmlive.com/__cypress/runner/cypress_runner.js:1667:18)\n    at _drainQueueStep (https://opensource-demo.orangehrmlive.com/__cypress/runner/cypress_runner.js:2377:12)\n    at _drainQueue (https://opensource-demo.orangehrmlive.com/__cypress/runner/cypress_runner.js:2370:9)\n    at Async._drainQueues (https://opensource-demo.orangehrmlive.com/__cypress/runner/cypress_runner.js:2386:5)\n    at Async.drainQueues (https://opensource-demo.orangehrmlive.com/__cypress/runner/cypress_runner.js:2256:14)\nFrom Your Spec Code:\n    at Object.proxyGetter [as get] (https://opensource-demo.orangehrmlive.com/__cypress/runner/cypress_runner.js:78967:22)\n    at exists (https://opensource-demo.orangehrmlive.com/__cypress/runner/cypress_runner.js:145028:26)\n    at elExists (https://opensource-demo.orangehrmlive.com/__cypress/runner/cypress_runner.js:145043:10)\n    at ensureExistence (https://opensource-demo.orangehrmlive.com/__cypress/runner/cypress_runner.js:145224:22)\n    at onFailFn (https://opensource-demo.orangehrmlive.com/__cypress/runner/cypress_runner.js:145253:53)",
                "diff": null
              },
              "uuid": "0721904a-6558-4d98-86fa-ebcf75c8d050",
              "parentUUID": "7de4d926-4dbd-4722-8099-fcd0edc57c6e",
              "isHook": false,
              "skipped": false
            },
            {
              "title": "Test Login Form Text Elements",
              "fullTitle": "Login Page Test Suites Test Login Form Text Elements",
              "timedOut": null,
              "duration": 0,
              "state": "skipped",
              "speed": null,
              "pass": false,
              "fail": false,
              "pending": false,
              "context": null,
              "code": "cy.get(loginpage.loginformtitle).contains('Loginsss');\ncy.get(loginpage.usernamelabel).contains('Username');\ncy.get(loginpage.passwordlabel).contains('Password');",
              "err": {},
              "uuid": "7881c1f4-aade-42d5-877a-d7259893c271",
              "parentUUID": "7de4d926-4dbd-4722-8099-fcd0edc57c6e",
              "isHook": false,
              "skipped": true
            },
            {
              "title": "Test Invalid Login: Valid Username, Incorrect Password",
              "fullTitle": "Login Page Test Suites Test Invalid Login: Valid Username, Incorrect Password",
              "timedOut": null,
              "duration": 0,
              "state": "skipped",
              "speed": null,
              "pass": false,
              "fail": false,
              "pending": false,
              "context": null,
              "code": "//enter valid username\nloginpage.enterUsername('Admin');\n//enter incorrect password\nloginpage.enterPassword('adminadmin');\n//click login button\nloginpage.clickLoginSubmitbutton();\n//assert that it remains in the login page\ncy.url().should('contain', '/auth/login');\n//assert Invalid credentials alert message popup in the paeg\ncy.get(loginpage.invalidcredentialsAlert).should('be.visible').contains('Invalid credentials');",
              "err": {},
              "uuid": "7fd93265-fcbe-45ff-adfe-eecc39d69f67",
              "parentUUID": "7de4d926-4dbd-4722-8099-fcd0edc57c6e",
              "isHook": false,
              "skipped": true
            },
            {
              "title": "Test Invalid Login: Incorrect Username, Correct Password",
              "fullTitle": "Login Page Test Suites Test Invalid Login: Incorrect Username, Correct Password",
              "timedOut": null,
              "duration": 0,
              "state": "skipped",
              "speed": null,
              "pass": false,
              "fail": false,
              "pending": false,
              "context": null,
              "code": "//enter valid username\nloginpage.enterUsername('aldwin');\n//enter incorrect password\nloginpage.enterPassword('admin123');\n//click login button\nloginpage.clickLoginSubmitbutton();\n//assert that it remains in the login page\ncy.url().should('contain', '/auth/login');\n//assert Invalid credentials alert message popup in the paeg\ncy.get(loginpage.invalidcredentialsAlert).should('be.visible').contains('Invalid credentials');",
              "err": {},
              "uuid": "d3166e3b-6e10-4a7a-8694-8f4d883a2043",
              "parentUUID": "7de4d926-4dbd-4722-8099-fcd0edc57c6e",
              "isHook": false,
              "skipped": true
            },
            {
              "title": "Test Invalid Login: Empty Username, Empty Password",
              "fullTitle": "Login Page Test Suites Test Invalid Login: Empty Username, Empty Password",
              "timedOut": null,
              "duration": 0,
              "state": "skipped",
              "speed": null,
              "pass": false,
              "fail": false,
              "pending": false,
              "context": null,
              "code": "//click login button\nloginpage.clickLoginSubmitbutton();\n//assert that it remains in the login page\ncy.url().should('contain', '/auth/login');\n//assert the error message popup just below the username input field\ncy.get(':nth-child(2) > .oxd-input-group > .oxd-text', {\n  timeout: 5000\n}).should('be.visible').contains('Required');\n//assert the error message popup just below the password input field\ncy.get(':nth-child(3) > .oxd-input-group > .oxd-text', {\n  timeout: 5000\n}).should('be.visible').contains('Required');",
              "err": {},
              "uuid": "923228c4-5121-4a95-8aff-b3cea38c6ea2",
              "parentUUID": "7de4d926-4dbd-4722-8099-fcd0edc57c6e",
              "isHook": false,
              "skipped": true
            }
          ],
          "suites": [],
          "passes": [],
          "failures": [
            "0721904a-6558-4d98-86fa-ebcf75c8d050"
          ],
          "pending": [],
          "skipped": [
            "7881c1f4-aade-42d5-877a-d7259893c271",
            "7fd93265-fcbe-45ff-adfe-eecc39d69f67",
            "d3166e3b-6e10-4a7a-8694-8f4d883a2043",
            "923228c4-5121-4a95-8aff-b3cea38c6ea2"
          ],
          "duration": 84,
          "root": false,
          "rootEmpty": false,
          "_timeout": 2000
        }
      ],
      "passes": [],
      "failures": [],
      "pending": [],
      "skipped": [],
      "duration": 0,
      "root": true,
      "rootEmpty": true,
      "_timeout": 2000
    }
  ],
  "meta": {
    "mocha": {
      "version": "7.2.0"
    },
    "mochawesome": {
      "options": {
        "quiet": false,
        "reportFilename": "mochawesome",
        "saveHtml": false,
        "saveJson": true,
        "consoleReporter": "spec",
        "useInlineDiffs": false,
        "code": true
      },
      "version": "7.1.3"
    },
    "marge": {
      "options": {
        "overwrite": false,
        "html": false,
        "json": true
      },
      "version": "6.2.0"
    }
  }
}