{
  "stats": {
    "suites": 1,
    "tests": 2,
    "passes": 1,
    "pending": 0,
    "failures": 1,
    "start": "2025-05-16T13:54:42.123Z",
    "end": "2025-05-16T13:56:10.738Z",
    "duration": 88615,
    "testsRegistered": 5,
    "passPercent": 20,
    "pendingPercent": 0,
    "other": 1,
    "hasOther": true,
    "skipped": 3,
    "hasSkipped": true
  },
  "results": [
    {
      "uuid": "fc17cf64-d330-441a-a5da-c79ba3a86f3a",
      "title": "",
      "fullFile": "cypress\\e2e\\logintestsuites.cy.js",
      "file": "cypress\\e2e\\logintestsuites.cy.js",
      "beforeHooks": [],
      "afterHooks": [],
      "tests": [],
      "suites": [
        {
          "uuid": "2da996af-4d96-43dd-8b7a-175bc9e5de5f",
          "title": "Login Page Test Suites",
          "fullFile": "",
          "file": "",
          "beforeHooks": [],
          "afterHooks": [],
          "tests": [
            {
              "title": "Test Company Logo: OrangeHRM Logo Image",
              "fullTitle": "Login Page Test Suites Test Company Logo: OrangeHRM Logo Image",
              "timedOut": null,
              "duration": 2101,
              "state": "passed",
              "speed": "fast",
              "pass": true,
              "fail": false,
              "pending": false,
              "context": "{\n  \"title\": \"cypress-mochawesome-reporter-screenshots\",\n  \"value\": [\n    [\n      \"\\\\logintestsuites.cy.js\\\\Login Page Test Suites -- Test Company Logo OrangeHRM Logo Image (failed).png\",\n      \"\\\\logintestsuites.cy.js\\\\Test Company Logo OrangeHRM Logo Image -- after each hook onFailed (failed).png\"\n    ],\n    [\n      \"\\\\logintestsuites.cy.js\\\\Login Page Test Suites -- Test Company Logo OrangeHRM Logo Image (failed) (attempt 2).png\",\n      \"\\\\logintestsuites.cy.js\\\\Test Company Logo OrangeHRM Logo Image -- after each hook onFailed (failed) (attempt 2).png\"\n    ],\n    []\n  ]\n}",
              "code": "cy.log('Running test: should pass');\ncy.get(loginpage.orangehrmlogo).should('be.visible').should(([img]) => {\n  expect(img.naturalWidth).to.equal(339);\n  expect(img.naturalHeight).to.equal(66);\n});",
              "err": {},
              "uuid": "70a043e2-de7f-415d-9a92-4785ae125e38",
              "parentUUID": "2da996af-4d96-43dd-8b7a-175bc9e5de5f",
              "isHook": false,
              "skipped": false
            },
            {
              "title": "Test Login Form Text Elements",
              "fullTitle": "Login Page Test Suites Test Login Form Text Elements",
              "timedOut": null,
              "duration": 383,
              "state": "failed",
              "speed": null,
              "pass": false,
              "fail": true,
              "pending": false,
              "context": "{\n  \"title\": \"cypress-mochawesome-reporter-screenshots\",\n  \"value\": [\n    [\n      \"\\\\logintestsuites.cy.js\\\\Login Page Test Suites -- Test Login Form Text Elements (failed).png\",\n      \"\\\\logintestsuites.cy.js\\\\Test Login Form Text Elements -- after each hook onFailed (failed).png\"\n    ],\n    [\n      \"\\\\logintestsuites.cy.js\\\\Login Page Test Suites -- Test Login Form Text Elements (failed) (attempt 2).png\",\n      \"\\\\logintestsuites.cy.js\\\\Test Login Form Text Elements -- after each hook onFailed (failed) (attempt 2).png\"\n    ],\n    [\n      \"\\\\logintestsuites.cy.js\\\\Login Page Test Suites -- Test Login Form Text Elements (failed) (attempt 3).png\",\n      \"\\\\logintestsuites.cy.js\\\\Test Login Form Text Elements -- after each hook onFailed (failed) (attempt 3).png\"\n    ]\n  ]\n}",
              "code": "cy.get(loginpage.loginformtitle).contains('Loginsss');\ncy.get(loginpage.usernamelabel).contains('Username');\ncy.get(loginpage.passwordlabel).contains('Password');",
              "err": {
                "message": "CypressError: `cy.task('failed')` failed with the following error:\n\nThe 'task' event has not been registered in the setupNodeEvents method. You must register it before using cy.task()\n\nFix this in your setupNodeEvents method here:\nF:\\CypressProjects\\CypressThree\\cypress.config.js\n\nhttps://on.cypress.io/api/task\n\nBecause this error occurred during a `after each` hook we are skipping all of the remaining tests.",
                "estack": "CypressError: `cy.task('failed')` failed with the following error:\n\nThe 'task' event has not been registered in the setupNodeEvents method. You must register it before using cy.task()\n\nFix this in your setupNodeEvents method here:\nF:\\CypressProjects\\CypressThree\\cypress.config.js\n\nhttps://on.cypress.io/api/task\n\nBecause this error occurred during a `after each` hook we are skipping all of the remaining tests.\n    at <unknown> (https://opensource-demo.orangehrmlive.com/__cypress/runner/cypress_runner.js:137237:72)\n    at tryCatcher (https://opensource-demo.orangehrmlive.com/__cypress/runner/cypress_runner.js:1777:23)\n    at Promise._settlePromiseFromHandler (https://opensource-demo.orangehrmlive.com/__cypress/runner/cypress_runner.js:1489:31)\n    at Promise._settlePromise (https://opensource-demo.orangehrmlive.com/__cypress/runner/cypress_runner.js:1546:18)\n    at Promise._settlePromise0 (https://opensource-demo.orangehrmlive.com/__cypress/runner/cypress_runner.js:1591:10)\n    at Promise._settlePromises (https://opensource-demo.orangehrmlive.com/__cypress/runner/cypress_runner.js:1667:18)\n    at _drainQueueStep (https://opensource-demo.orangehrmlive.com/__cypress/runner/cypress_runner.js:2377:12)\n    at _drainQueue (https://opensource-demo.orangehrmlive.com/__cypress/runner/cypress_runner.js:2370:9)\n    at Async._drainQueues (https://opensource-demo.orangehrmlive.com/__cypress/runner/cypress_runner.js:2386:5)\n    at Async.drainQueues (https://opensource-demo.orangehrmlive.com/__cypress/runner/cypress_runner.js:2256:14)",
                "diff": null
              },
              "uuid": "a012a35c-85cf-4864-bf44-7da18c12e787",
              "parentUUID": "2da996af-4d96-43dd-8b7a-175bc9e5de5f",
              "isHook": false,
              "skipped": false
            },
            {
              "title": "Test Invalid Login: Valid Username, Incorrect Password",
              "fullTitle": "Login Page Test Suites Test Invalid Login: Valid Username, Incorrect Password",
              "timedOut": null,
              "duration": 0,
              "state": "skipped",
              "speed": null,
              "pass": false,
              "fail": false,
              "pending": false,
              "context": null,
              "code": "//enter valid username\nloginpage.enterUsername('Admin');\n//enter incorrect password\nloginpage.enterPassword('adminadmin');\n//click login button\nloginpage.clickLoginSubmitbutton();\n//assert that it remains in the login page\ncy.url().should('contain', '/auth/login');\n//assert Invalid credentials alert message popup in the paeg\ncy.get(loginpage.invalidcredentialsAlert).should('be.visible').contains('Invalid credentials');",
              "err": {},
              "uuid": "98d32be2-dfcb-4c07-989b-f3169862643c",
              "parentUUID": "2da996af-4d96-43dd-8b7a-175bc9e5de5f",
              "isHook": false,
              "skipped": true
            },
            {
              "title": "Test Invalid Login: Incorrect Username, Correct Password",
              "fullTitle": "Login Page Test Suites Test Invalid Login: Incorrect Username, Correct Password",
              "timedOut": null,
              "duration": 0,
              "state": "skipped",
              "speed": null,
              "pass": false,
              "fail": false,
              "pending": false,
              "context": null,
              "code": "//enter valid username\nloginpage.enterUsername('aldwin');\n//enter incorrect password\nloginpage.enterPassword('admin123');\n//click login button\nloginpage.clickLoginSubmitbutton();\n//assert that it remains in the login page\ncy.url().should('contain', '/auth/login');\n//assert Invalid credentials alert message popup in the paeg\ncy.get(loginpage.invalidcredentialsAlert).should('be.visible').contains('Invalid credentials');",
              "err": {},
              "uuid": "b457bbe1-842d-474c-9599-73c4a9854469",
              "parentUUID": "2da996af-4d96-43dd-8b7a-175bc9e5de5f",
              "isHook": false,
              "skipped": true
            },
            {
              "title": "Test Invalid Login: Empty Username, Empty Password",
              "fullTitle": "Login Page Test Suites Test Invalid Login: Empty Username, Empty Password",
              "timedOut": null,
              "duration": 0,
              "state": "skipped",
              "speed": null,
              "pass": false,
              "fail": false,
              "pending": false,
              "context": null,
              "code": "//click login button\nloginpage.clickLoginSubmitbutton();\n//assert that it remains in the login page\ncy.url().should('contain', '/auth/login');\n//assert the error message popup just below the username input field\ncy.get(':nth-child(2) > .oxd-input-group > .oxd-text', {\n  timeout: 5000\n}).should('be.visible').contains('Required');\n//assert the error message popup just below the password input field\ncy.get(':nth-child(3) > .oxd-input-group > .oxd-text', {\n  timeout: 5000\n}).should('be.visible').contains('Required');",
              "err": {},
              "uuid": "cb79a050-5987-4113-babe-ba63ddcceff9",
              "parentUUID": "2da996af-4d96-43dd-8b7a-175bc9e5de5f",
              "isHook": false,
              "skipped": true
            }
          ],
          "suites": [],
          "passes": [
            "70a043e2-de7f-415d-9a92-4785ae125e38"
          ],
          "failures": [
            "a012a35c-85cf-4864-bf44-7da18c12e787"
          ],
          "pending": [],
          "skipped": [
            "98d32be2-dfcb-4c07-989b-f3169862643c",
            "b457bbe1-842d-474c-9599-73c4a9854469",
            "cb79a050-5987-4113-babe-ba63ddcceff9"
          ],
          "duration": 2484,
          "root": false,
          "rootEmpty": false,
          "_timeout": 2000
        }
      ],
      "passes": [],
      "failures": [],
      "pending": [],
      "skipped": [],
      "duration": 0,
      "root": true,
      "rootEmpty": true,
      "_timeout": 2000
    }
  ],
  "meta": {
    "mocha": {
      "version": "7.2.0"
    },
    "mochawesome": {
      "options": {
        "quiet": false,
        "reportFilename": "mochawesome",
        "saveHtml": false,
        "saveJson": true,
        "consoleReporter": "spec",
        "useInlineDiffs": false,
        "code": true
      },
      "version": "7.1.3"
    },
    "marge": {
      "options": {
        "overwrite": false,
        "html": false,
        "json": true
      },
      "version": "6.2.0"
    }
  }
}